c:\users\admin\desktop\ltncdemo\btl\game1945\game1945\debug\vc143.pdb
c:\users\admin\desktop\ltncdemo\btl\game1945\game1945\debug\vc143.idb
c:\users\admin\desktop\ltncdemo\btl\game1945\game1945\debug\main.obj
c:\users\admin\desktop\ltncdemo\btl\game1945\game1945\debug\player.obj
c:\users\admin\desktop\ltncdemo\btl\game1945\game1945\debug\mapgame.obj
c:\users\admin\desktop\ltncdemo\btl\game1945\game1945\debug\commonfunction.obj
c:\users\admin\desktop\ltncdemo\btl\game1945\game1945\debug\baseobject.obj
c:\users\admin\desktop\ltncdemo\btl\game1945\game1945\debug\fpsnticks.obj
c:\users\admin\desktop\ltncdemo\btl\game1945\game1945\debug\bulletobj.obj
c:\users\admin\desktop\ltncdemo\btl\game1945\game1945\debug\enemy.obj
c:\users\admin\desktop\ltncdemo\btl\game1945\game1945\debug\deathanimation.obj
c:\users\admin\desktop\ltncdemo\btl\game1945\game1945\debug\textobj.obj
c:\users\admin\desktop\ltncdemo\btl\game1945\game1945\debug\button.obj
c:\users\admin\desktop\ltncdemo\btl\game1945\game1945\debug\game_utils.obj
c:\users\admin\desktop\ltncdemo\btl\game1945\debug\game1945.exe
c:\users\admin\desktop\ltncdemo\btl\game1945\game1945\debug\game1945.ilk
c:\users\admin\desktop\ltncdemo\btl\game1945\debug\game1945.pdb
c:\users\admin\desktop\ltncdemo\btl\game1945\game1945\debug\baseobject.obj.enc
c:\users\admin\desktop\ltncdemo\btl\game1945\game1945\debug\commonfunction.obj.enc
c:\users\admin\desktop\ltncdemo\btl\game1945\game1945\debug\fpsnticks.obj.enc
c:\users\admin\desktop\ltncdemo\btl\game1945\game1945\debug\main.obj.enc
c:\users\admin\desktop\ltncdemo\btl\game1945\game1945\debug\mapgame.obj.enc
c:\users\admin\desktop\ltncdemo\btl\game1945\game1945\debug\player.obj.enc
c:\users\admin\desktop\ltncdemo\btl\game1945\game1945\debug\game1945.tlog\cl.command.1.tlog
c:\users\admin\desktop\ltncdemo\btl\game1945\game1945\debug\game1945.tlog\cl.read.1.tlog
c:\users\admin\desktop\ltncdemo\btl\game1945\game1945\debug\game1945.tlog\cl.write.1.tlog
c:\users\admin\desktop\ltncdemo\btl\game1945\game1945\debug\game1945.tlog\link-cvtres.read.1.tlog
c:\users\admin\desktop\ltncdemo\btl\game1945\game1945\debug\game1945.tlog\link-cvtres.write.1.tlog
c:\users\admin\desktop\ltncdemo\btl\game1945\game1945\debug\game1945.tlog\link-rc.read.1.tlog
c:\users\admin\desktop\ltncdemo\btl\game1945\game1945\debug\game1945.tlog\link-rc.write.1.tlog
c:\users\admin\desktop\ltncdemo\btl\game1945\game1945\debug\game1945.tlog\link.15272-cvtres.read.1.tlog
c:\users\admin\desktop\ltncdemo\btl\game1945\game1945\debug\game1945.tlog\link.15272-cvtres.write.1.tlog
c:\users\admin\desktop\ltncdemo\btl\game1945\game1945\debug\game1945.tlog\link.15272-rc.read.1.tlog
c:\users\admin\desktop\ltncdemo\btl\game1945\game1945\debug\game1945.tlog\link.15272-rc.write.1.tlog
c:\users\admin\desktop\ltncdemo\btl\game1945\game1945\debug\game1945.tlog\link.15272.read.1.tlog
c:\users\admin\desktop\ltncdemo\btl\game1945\game1945\debug\game1945.tlog\link.15272.write.1.tlog
c:\users\admin\desktop\ltncdemo\btl\game1945\game1945\debug\game1945.tlog\link.command.1.tlog
c:\users\admin\desktop\ltncdemo\btl\game1945\game1945\debug\game1945.tlog\link.read.1.tlog
c:\users\admin\desktop\ltncdemo\btl\game1945\game1945\debug\game1945.tlog\link.write.1.tlog
